# JRE version: OpenJDK Runtime Environment (11.0.2+9) (build 11.0.2+9)
# Java VM: OpenJDK 64-Bit Server VM (11.0.2+9, mixed mode, tiered, compressed oops, g1 gc, windows-amd64)
Heap:
 garbage-first heap   total 229376K, used 90235K [0x0000000721400000, 0x0000000800000000)
  region size 1024K, 87 young (89088K), 8 survivors (8192K)
 Metaspace       used 33898K, capacity 34743K, committed 34816K, reserved 1079296K
  class space    used 4007K, capacity 4342K, committed 4352K, reserved 1048576K
GC Heap History (6 events):
Event: 3.131 GC heap before
{Heap before GC invocations=0 (full 0):
 garbage-first heap   total 229376K, used 24576K [0x0000000721400000, 0x0000000800000000)
  region size 1024K, 24 young (24576K), 0 survivors (0K)
 Metaspace       used 11081K, capacity 11285K, committed 11392K, reserved 1058816K
  class space    used 1056K, capacity 1101K, committed 1152K, reserved 1048576K
}
Event: 3.145 GC heap after
{Heap after GC invocations=1 (full 0):
 garbage-first heap   total 229376K, used 6611K [0x0000000721400000, 0x0000000800000000)
  region size 1024K, 3 young (3072K), 3 survivors (3072K)
 Metaspace       used 11081K, capacity 11285K, committed 11392K, reserved 1058816K
  class space    used 1056K, capacity 1101K, committed 1152K, reserved 1048576K
}
Event: 6.810 GC heap before
{Heap before GC invocations=1 (full 0):
 garbage-first heap   total 229376K, used 98771K [0x0000000721400000, 0x0000000800000000)
  region size 1024K, 95 young (97280K), 3 survivors (3072K)
 Metaspace       used 20710K, capacity 21191K, committed 21248K, reserved 1069056K
  class space    used 2322K, capacity 2519K, committed 2560K, reserved 1048576K
}
Event: 6.832 GC heap after
{Heap after GC invocations=2 (full 0):
 garbage-first heap   total 229376K, used 9072K [0x0000000721400000, 0x0000000800000000)
  region size 1024K, 6 young (6144K), 6 survivors (6144K)
 Metaspace       used 20710K, capacity 21191K, committed 21248K, reserved 1069056K
  class space    used 2322K, capacity 2519K, committed 2560K, reserved 1048576K
}
Event: 9.276 GC heap before
{Heap before GC invocations=3 (full 0):
 garbage-first heap   total 229376K, used 101232K [0x0000000721400000, 0x0000000800000000)
  region size 1024K, 97 young (99328K), 6 survivors (6144K)
 Metaspace       used 28179K, capacity 28782K, committed 28928K, reserved 1075200K
  class space    used 3290K, capacity 3540K, committed 3584K, reserved 1048576K
}
Event: 9.286 GC heap after
{Heap after GC invocations=4 (full 0):
 garbage-first heap   total 229376K, used 11387K [0x0000000721400000, 0x0000000800000000)
  region size 1024K, 8 young (8192K), 8 survivors (8192K)
 Metaspace       used 28179K, capacity 28782K, committed 28928K, reserved 1075200K
  class space    used 3290K, capacity 3540K, committed 3584K, reserved 1048576K
}

